Build started 09/01/2024 12:57:48.
     1>Project "C:\Users\akram\OneDrive\Desktop\fkthis\PRJ_MFC\ProjMFC\ProjMFC.vcxproj" on node 2 (build target(s)).
     1>InitializeBuildStatus:
         Creating "Debug\ProjMFC.unsuccessfulbuild" because "AlwaysCreate" was specified.
       ClCompile:
         All outputs are up-to-date.
         All outputs are up-to-date.
       ResourceCompile:
         All outputs are up-to-date.
       ManifestResourceCompile:
         All outputs are up-to-date.
       Link:
         All outputs are up-to-date.
       Manifest:
         C:\Program Files (x86)\Microsoft SDKs\Windows\v7.0A\bin\mt.exe /nologo /verbose /out:"Debug\ProjMFC.exe.embed.manifest" /manifest Debug\ProjMFC.exe.intermediate.manifest "C:\Program Files (x86)\Microsoft Visual Studio 10.0\VC\Include\Manifest\dpiaware.manifest"
         All outputs are up-to-date.
       FinalizeBuildStatus:
         Deleting file "Debug\ProjMFC.unsuccessfulbuild".
         Touching "Debug\ProjMFC.lastbuildstate".
     1>Done Building Project "C:\Users\akram\OneDrive\Desktop\fkthis\PRJ_MFC\ProjMFC\ProjMFC.vcxproj" (build target(s)).

Build succeeded.

Time Elapsed 00:00:00.13
